<?xml version="1.0" encoding="UTF-8"?>
<beans xmlns="http://www.springframework.org/schema/beans"
	xmlns:xsi="http://www.w3.org/2001/XMLSchema-instance" xmlns:context="http://www.springframework.org/schema/context"
	xsi:schemaLocation="http://www.springframework.org/schema/beans 
         http://www.springframework.org/schema/beans/spring-beans.xsd 
         http://www.springframework.org/schema/context 
         http://www.springframework.org/schema/context/spring-context.xsd">

	<context:property-placeholder location="classpath:conf/test-acquisition.properties" />

	<bean id="configInfo" class="com.person.cloud.utils.ConfigInfo">
		<property name="fwPath" value="${fw_path}" />
		<property name="waitSeconds" value="${fw_waitSeconds}" />
		<property name="queueProducerNum" value="${queue_producer_num}" />
		<property name="kafkaProducerNum" value="${kafka_producer_num}" />
		<property name="csvFieldNum" value="${csv_field_num}" />
		<property name="delimiter" value="${csv_delimiter}" />
	</bean>
</beans>